Using pre-set license
Built from '2021.3/staging' branch; Version is '2021.3.8f1 (b30333d56e81) revision 11731763'; Using compiler version '192829333'; Build Type 'Release'
OS: 'Windows 11  (10.0.22621) 64bit Professional' Language: 'en' Physical Memory: 65445 MB
BatchMode: 1, IsHumanControllingUs: 0, StartBugReporterOnCrash: 0, Is64bit: 1, IsPro: 1

COMMAND LINE ARGUMENTS:
C:\Program Files\Unity\Hub\Editor\2021.3.8f1\Editor\Unity.exe
-adb2
-batchMode
-noUpm
-name
AssetImportWorker2
-projectPath
D:/School/CART315/gits/Prototype 1/CART315_Prototype1/Prototype 1
-logFile
Logs/AssetImportWorker2.log
-srvPort
52315
Successfully changed project path to: D:/School/CART315/gits/Prototype 1/CART315_Prototype1/Prototype 1
D:/School/CART315/gits/Prototype 1/CART315_Prototype1/Prototype 1
[UnityMemory] Configuration Parameters - Can be set up in boot.config
    "memorysetup-bucket-allocator-granularity=16"
    "memorysetup-bucket-allocator-bucket-count=8"
    "memorysetup-bucket-allocator-block-size=33554432"
    "memorysetup-bucket-allocator-block-count=8"
    "memorysetup-main-allocator-block-size=16777216"
    "memorysetup-thread-allocator-block-size=16777216"
    "memorysetup-gfx-main-allocator-block-size=16777216"
    "memorysetup-gfx-thread-allocator-block-size=16777216"
    "memorysetup-cache-allocator-block-size=4194304"
    "memorysetup-typetree-allocator-block-size=2097152"
    "memorysetup-profiler-bucket-allocator-granularity=16"
    "memorysetup-profiler-bucket-allocator-bucket-count=8"
    "memorysetup-profiler-bucket-allocator-block-size=33554432"
    "memorysetup-profiler-bucket-allocator-block-count=8"
    "memorysetup-profiler-allocator-block-size=16777216"
    "memorysetup-profiler-editor-allocator-block-size=1048576"
    "memorysetup-temp-allocator-size-main=16777216"
    "memorysetup-job-temp-allocator-block-size=2097152"
    "memorysetup-job-temp-allocator-block-size-background=1048576"
    "memorysetup-job-temp-allocator-reduction-small-platforms=262144"
    "memorysetup-temp-allocator-size-background-worker=32768"
    "memorysetup-temp-allocator-size-job-worker=262144"
    "memorysetup-temp-allocator-size-preload-manager=33554432"
    "memorysetup-temp-allocator-size-nav-mesh-worker=65536"
    "memorysetup-temp-allocator-size-audio-worker=65536"
    "memorysetup-temp-allocator-size-cloud-worker=32768"
    "memorysetup-temp-allocator-size-gi-baking-worker=262144"
    "memorysetup-temp-allocator-size-gfx=262144"
Refreshing native plugins compatible for Editor in 69.08 ms, found 3 plugins.
Preloading 0 native plugins for Editor in 0.00 ms.
Initialize engine version: 2021.3.8f1 (b30333d56e81)
[Subsystems] Discovering subsystems at path C:/Program Files/Unity/Hub/Editor/2021.3.8f1/Editor/Data/Resources/UnitySubsystems
[Subsystems] Discovering subsystems at path D:/School/CART315/gits/Prototype 1/CART315_Prototype1/Prototype 1/Assets
GfxDevice: creating device client; threaded=0; jobified=0
Direct3D:
    Version:  Direct3D 11.0 [level 11.1]
    Renderer: NVIDIA GeForce RTX 3070 Ti (ID=0x2482)
    Vendor:   NVIDIA
    VRAM:     8031 MB
    Driver:   31.0.15.2849
Initialize mono
Mono path[0] = 'C:/Program Files/Unity/Hub/Editor/2021.3.8f1/Editor/Data/Managed'
Mono path[1] = 'C:/Program Files/Unity/Hub/Editor/2021.3.8f1/Editor/Data/MonoBleedingEdge/lib/mono/unityjit-win32'
Mono config path = 'C:/Program Files/Unity/Hub/Editor/2021.3.8f1/Editor/Data/MonoBleedingEdge/etc'
Using monoOptions --debugger-agent=transport=dt_socket,embedding=1,server=y,suspend=n,address=127.0.0.1:56400
Begin MonoManager ReloadAssembly
Registering precompiled unity dll's ...
Register platform support module: C:/Program Files/Unity/Hub/Editor/2021.3.8f1/Editor/Data/PlaybackEngines/MacStandaloneSupport/UnityEditor.OSXStandalone.Extensions.dll
Register platform support module: C:/Program Files/Unity/Hub/Editor/2021.3.8f1/Editor/Data/PlaybackEngines/AndroidPlayer/UnityEditor.Android.Extensions.dll
Register platform support module: C:/Program Files/Unity/Hub/Editor/2021.3.8f1/Editor/Data/PlaybackEngines/iOSSupport/UnityEditor.iOS.Extensions.dll
Register platform support module: C:/Program Files/Unity/Hub/Editor/2021.3.8f1/Editor/Data/PlaybackEngines/WindowsStandaloneSupport/UnityEditor.WindowsStandalone.Extensions.dll
Registered in 0.006066 seconds.
Native extension for WindowsStandalone target not found
[usbmuxd] Start listen thread
[usbmuxd] Listen thread started
Native extension for iOS target not found
Native extension for Android target not found
Native extension for OSXStandalone target not found
Refreshing native plugins compatible for Editor in 72.84 ms, found 3 plugins.
Preloading 0 native plugins for Editor in 0.00 ms.
Mono: successfully reloaded assembly
- Completed reload, in  0.546 seconds
Domain Reload Profiling:
	ReloadAssembly (546ms)
		BeginReloadAssembly (62ms)
			ExecutionOrderSort (0ms)
			DisableScriptedObjects (0ms)
			BackupInstance (0ms)
			ReleaseScriptingObjects (0ms)
			CreateAndSetChildDomain (1ms)
		EndReloadAssembly (398ms)
			LoadAssemblies (61ms)
			RebuildTransferFunctionScriptingTraits (0ms)
			SetupTypeCache (85ms)
			ReleaseScriptCaches (0ms)
			RebuildScriptCaches (21ms)
			SetupLoadedEditorAssemblies (249ms)
				LogAssemblyErrors (0ms)
				InitializePlatformSupportModulesInManaged (62ms)
				SetLoadedEditorAssemblies (0ms)
				RefreshPlugins (73ms)
				BeforeProcessingInitializeOnLoad (1ms)
				ProcessInitializeOnLoadAttributes (76ms)
				ProcessInitializeOnLoadMethodAttributes (37ms)
				AfterProcessingInitializeOnLoad (0ms)
				EditorAssembliesLoaded (0ms)
			ExecutionOrderSort2 (0ms)
			AwakeInstancesAfterBackupRestoration (0ms)
Platform modules already initialized, skipping
Registering precompiled user dll's ...
Registered in 0.004809 seconds.
Begin MonoManager ReloadAssembly
Symbol file LoadedFromMemory doesn't match image D:\School\CART315\gits\Prototype 1\CART315_Prototype1\Prototype 1\Library\PackageCache\com.unity.visualscripting@1.7.8\Editor\VisualScripting.Core\Dependencies\YamlDotNet\Unity.VisualScripting.YamlDotNet.dll
Symbol file LoadedFromMemory doesn't match image D:\School\CART315\gits\Prototype 1\CART315_Prototype1\Prototype 1\Library\PackageCache\com.unity.visualscripting@1.7.8\Editor\VisualScripting.Core\Dependencies\DotNetZip\Unity.VisualScripting.IonicZip.dll
Native extension for WindowsStandalone target not found
Native extension for iOS target not found
Native extension for Android target not found
Native extension for OSXStandalone target not found
Refreshing native plugins compatible for Editor in 0.62 ms, found 3 plugins.
Preloading 0 native plugins for Editor in 0.00 ms.
Mono: successfully reloaded assembly
- Completed reload, in  1.016 seconds
Domain Reload Profiling:
	ReloadAssembly (1017ms)
		BeginReloadAssembly (201ms)
			ExecutionOrderSort (0ms)
			DisableScriptedObjects (4ms)
			BackupInstance (0ms)
			ReleaseScriptingObjects (0ms)
			CreateAndSetChildDomain (124ms)
		EndReloadAssembly (716ms)
			LoadAssemblies (74ms)
			RebuildTransferFunctionScriptingTraits (0ms)
			SetupTypeCache (265ms)
			ReleaseScriptCaches (0ms)
			RebuildScriptCaches (39ms)
			SetupLoadedEditorAssemblies (309ms)
				LogAssemblyErrors (0ms)
				InitializePlatformSupportModulesInManaged (22ms)
				SetLoadedEditorAssemblies (0ms)
				RefreshPlugins (1ms)
				BeforeProcessingInitializeOnLoad (71ms)
				ProcessInitializeOnLoadAttributes (185ms)
				ProcessInitializeOnLoadMethodAttributes (24ms)
				AfterProcessingInitializeOnLoad (6ms)
				EditorAssembliesLoaded (0ms)
			ExecutionOrderSort2 (0ms)
			AwakeInstancesAfterBackupRestoration (5ms)
Platform modules already initialized, skipping
========================================================================
Worker process is ready to serve import requests
Launched and connected shader compiler UnityShaderCompiler.exe after 0.05 seconds
Refreshing native plugins compatible for Editor in 0.97 ms, found 3 plugins.
Preloading 0 native plugins for Editor in 0.00 ms.
Unloading 3387 Unused Serialized files (Serialized files now loaded: 0)
Unloading 26 unused Assets / (86.4 KB). Loaded Objects now: 3870.
Memory consumption went from 135.8 MB to 135.7 MB.
Total: 4.422300 ms (FindLiveObjects: 0.388000 ms CreateObjectMapping: 0.240700 ms MarkObjects: 3.662500 ms  DeleteObjects: 0.128500 ms)

AssetImportParameters requested are different than current active one (requested -> active):
  custom:video-decoder-ogg-theora: a1e56fd34408186e4bbccfd4996cb3dc -> 
  custom:container-muxer-webm: aa71ff27fc2769a1b78a27578f13a17b -> 
  custom:container-demuxer-webm: 4f35f7cbe854078d1ac9338744f61a02 -> 
  custom:video-encoder-webm-vp8: eb34c28f22e8b96e1ab97ce403110664 -> 
  custom:audio-encoder-webm-vorbis: bf7c407c2cedff20999df2af8eb42d56 -> 
  custom:framework-win-MediaFoundation: 216162199b28c13a410421893ffa2e32 -> 
  custom:container-demuxer-ogg: 62fdf1f143b41e24485cea50d1cbac27 -> 
  custom:video-decoder-webm-vp8: 9c59270c3fd7afecdb556c50c9e8de78 -> 
  custom:audio-decoder-ogg-vorbis: bf7c407c2cedff20999df2af8eb42d56 -> 
========================================================================
Received Import Request.
  Time since last request: 336903.360074 seconds.
  path: Assets/LowPolyAlienWorld
  artifactKey: Guid(6d35f272357ab874b9e1c0edb1aba1cb) Importer(815301076,1909f56bfc062723c751e8b465ee728b)
Start importing Assets/LowPolyAlienWorld using Guid(6d35f272357ab874b9e1c0edb1aba1cb) Importer(815301076,1909f56bfc062723c751e8b465ee728b)  -> (artifact id: '61514f0f27e1b0e4066abb326f6f363e') in 0.009688 seconds 
========================================================================
Received Import Request.
  Time since last request: 0.055721 seconds.
  path: Assets/LowPolyAlienWorld/Terrain.fbx
  artifactKey: Guid(587c5ef11f1639140b1ec4c74d6b908e) Importer(815301076,1909f56bfc062723c751e8b465ee728b)
Start importing Assets/LowPolyAlienWorld/Terrain.fbx using Guid(587c5ef11f1639140b1ec4c74d6b908e) Importer(815301076,1909f56bfc062723c751e8b465ee728b)  -> (artifact id: 'bf7a6a4e5a306bce30c1a24c3ebf0673') in 0.103074 seconds 
========================================================================
Received Import Request.
  Time since last request: 0.469204 seconds.
  path: Assets/LowPolyAlienWorld/Flora
  artifactKey: Guid(06a4e2becfc97aa47b6fd146cc557ade) Importer(815301076,1909f56bfc062723c751e8b465ee728b)
Start importing Assets/LowPolyAlienWorld/Flora using Guid(06a4e2becfc97aa47b6fd146cc557ade) Importer(815301076,1909f56bfc062723c751e8b465ee728b)  -> (artifact id: '4fcac1dea55c1820cd86ccf109b4d25d') in 0.004713 seconds 
========================================================================
Received Import Request.
  Time since last request: 0.062741 seconds.
  path: Assets/LowPolyAlienWorld/Flora/BigPlant_01.fbx
  artifactKey: Guid(54c459b31c67ca945922815bff6e3d96) Importer(815301076,1909f56bfc062723c751e8b465ee728b)
Start importing Assets/LowPolyAlienWorld/Flora/BigPlant_01.fbx using Guid(54c459b31c67ca945922815bff6e3d96) Importer(815301076,1909f56bfc062723c751e8b465ee728b)  -> (artifact id: 'b3c18e821dc25d3accb34b56d8628005') in 0.013874 seconds 
========================================================================
Received Import Request.
  Time since last request: 0.010220 seconds.
  path: Assets/LowPolyAlienWorld/Flora/Grass_01.fbx
  artifactKey: Guid(060c6905cbfcb604aa70b0104e423aeb) Importer(815301076,1909f56bfc062723c751e8b465ee728b)
Start importing Assets/LowPolyAlienWorld/Flora/Grass_01.fbx using Guid(060c6905cbfcb604aa70b0104e423aeb) Importer(815301076,1909f56bfc062723c751e8b465ee728b)  -> (artifact id: '254779f612b32ade3193c32fbbf0ccc1') in 0.016219 seconds 
========================================================================
Received Import Request.
  Time since last request: 0.000015 seconds.
  path: Assets/LowPolyAlienWorld/Flora/SmallPlant_01.fbx
  artifactKey: Guid(53543d15a196e904c85c037b5cfb3ec5) Importer(815301076,1909f56bfc062723c751e8b465ee728b)
Start importing Assets/LowPolyAlienWorld/Flora/SmallPlant_01.fbx using Guid(53543d15a196e904c85c037b5cfb3ec5) Importer(815301076,1909f56bfc062723c751e8b465ee728b)  -> (artifact id: '9e97548df36c907f66b64aaadde23bd5') in 0.017095 seconds 
========================================================================
Received Import Request.
  Time since last request: 0.000018 seconds.
  path: Assets/LowPolyAlienWorld/Flora/BigPlant_03.fbx
  artifactKey: Guid(b239787ab48e00f4594022d7e76a6a57) Importer(815301076,1909f56bfc062723c751e8b465ee728b)
Start importing Assets/LowPolyAlienWorld/Flora/BigPlant_03.fbx using Guid(b239787ab48e00f4594022d7e76a6a57) Importer(815301076,1909f56bfc062723c751e8b465ee728b)  -> (artifact id: '19f1d956bb477a4566fc39d842bb7fef') in 0.015352 seconds 
========================================================================
Received Import Request.
  Time since last request: 0.000027 seconds.
  path: Assets/LowPolyAlienWorld/Flora/Mushrooms.fbx
  artifactKey: Guid(15455b0168cd0b44a868ce81f1fdd6d9) Importer(815301076,1909f56bfc062723c751e8b465ee728b)
Start importing Assets/LowPolyAlienWorld/Flora/Mushrooms.fbx using Guid(15455b0168cd0b44a868ce81f1fdd6d9) Importer(815301076,1909f56bfc062723c751e8b465ee728b)  -> (artifact id: '10bf89f2035f1dda31d6233c90314996') in 0.013352 seconds 
========================================================================
Received Import Request.
  Time since last request: 0.000021 seconds.
  path: Assets/LowPolyAlienWorld/Flora/Tenticles_01.fbx
  artifactKey: Guid(ec55ac038e536864295d9fe81cbce0d6) Importer(815301076,1909f56bfc062723c751e8b465ee728b)
Start importing Assets/LowPolyAlienWorld/Flora/Tenticles_01.fbx using Guid(ec55ac038e536864295d9fe81cbce0d6) Importer(815301076,1909f56bfc062723c751e8b465ee728b)  -> (artifact id: '11f5031e29578310079223f44f7700ae') in 0.015317 seconds 
========================================================================
Received Import Request.
  Time since last request: 0.000019 seconds.
  path: Assets/LowPolyAlienWorld/Flora/BigPlant_05.fbx
  artifactKey: Guid(02a6b09ce96314d44bb47a04de40e6eb) Importer(815301076,1909f56bfc062723c751e8b465ee728b)
Start importing Assets/LowPolyAlienWorld/Flora/BigPlant_05.fbx using Guid(02a6b09ce96314d44bb47a04de40e6eb) Importer(815301076,1909f56bfc062723c751e8b465ee728b)  -> (artifact id: '61577ccc9b1eb7a97c34020fa1c7bb2e') in 0.015103 seconds 
Editor requested this worker to shutdown with reason: Scaling down because of idle timeout
AssetImportWorker is now disconnected from the server
Process exiting
Exiting without the bug reporter. Application will terminate with return code 0